<?xml version='1.0' encoding='utf-8' standalone='yes' ?><testsuites><testsuite name="com.Megadodo.canary.test.CanaryFunctionalTest"><testcase classname="com.Megadodo.canary.test.CanaryFunctionalTest" name="testClickSwitchViewButton" time="8.337" /></testsuite></testsuites>